2026-04-21 13:16:19 | INFO     | trading_bot.cli | CLI COMMAND: place | symbol=BTCUSDT side=BUY type=MARKET qty=0.001 price=None stop=None
2026-04-21 13:16:19 | INFO     | trading_bot.client | BinanceFuturesClient initialised | mode=MOCK
2026-04-21 13:16:19 | INFO     | trading_bot.client | PLACING ORDER | symbol=BTCUSDT | side=BUY | type=MARKET | qty=0.001 | price=None | stopPrice=None
2026-04-21 13:16:19 | INFO     | trading_bot.client | MOCK | Generating simulated order response
2026-04-21 13:16:20 | INFO     | trading_bot.client | MOCK ORDER PLACED | orderId=37154947 | status=FILLED
2026-04-21 13:16:20 | INFO     | trading_bot.orders | ORDER SUCCESS | orderId=37154947 | status=FILLED
2026-04-21 13:16:26 | INFO     | trading_bot.cli | CLI COMMAND: place | symbol=BTCUSDT side=SELL type=LIMIT qty=0.001 price=90000 stop=None
2026-04-21 13:16:26 | INFO     | trading_bot.client | BinanceFuturesClient initialised | mode=MOCK
2026-04-21 13:16:26 | INFO     | trading_bot.client | PLACING ORDER | symbol=BTCUSDT | side=SELL | type=LIMIT | qty=0.001 | price=90000.0 | stopPrice=None
2026-04-21 13:16:26 | INFO     | trading_bot.client | MOCK | Generating simulated order response
2026-04-21 13:16:26 | INFO     | trading_bot.client | MOCK ORDER PLACED | orderId=83887046 | status=NEW
2026-04-21 13:16:26 | INFO     | trading_bot.orders | ORDER SUCCESS | orderId=83887046 | status=NEW
2026-04-21 13:16:27 | INFO     | trading_bot.cli | CLI COMMAND: place | symbol=BTCUSDT side=BUY type=STOP_MARKET qty=0.001 price=None stop=80000
2026-04-21 13:16:27 | WARNING  | trading_bot.cli | VALIDATION FAILED: Price is required for STOP_MARKET orders.
2026-04-21 13:16:30 | INFO     | trading_bot.cli | CLI COMMAND: place | symbol=BTCUSDT side=BUY type=STOP_MARKET qty=0.001 price=None stop=80000
2026-04-21 13:16:30 | WARNING  | trading_bot.cli | VALIDATION FAILED: Price is required for STOP_MARKET orders.
2026-04-21 13:16:41 | INFO     | trading_bot.cli | CLI COMMAND: place | symbol=BTCUSDT side=BUY type=STOP_MARKET qty=0.001 price=None stop=80000
2026-04-21 13:16:41 | INFO     | trading_bot.client | BinanceFuturesClient initialised | mode=MOCK
2026-04-21 13:16:41 | INFO     | trading_bot.client | PLACING ORDER | symbol=BTCUSDT | side=BUY | type=STOP_MARKET | qty=0.001 | price=None | stopPrice=80000.0
2026-04-21 13:16:41 | INFO     | trading_bot.client | MOCK | Generating simulated order response
2026-04-21 13:16:42 | INFO     | trading_bot.client | MOCK ORDER PLACED | orderId=82086996 | status=NEW
2026-04-21 13:16:42 | INFO     | trading_bot.orders | ORDER SUCCESS | orderId=82086996 | status=NEW
2026-04-21 13:16:42 | INFO     | trading_bot.cli | CLI COMMAND: account
2026-04-21 13:16:42 | INFO     | trading_bot.client | BinanceFuturesClient initialised | mode=MOCK
2026-04-21 13:16:42 | INFO     | trading_bot.client | MOCK | Returning simulated account balance
2026-04-21 13:16:43 | INFO     | trading_bot.cli | CLI COMMAND: orders | symbol=None
2026-04-21 13:16:43 | INFO     | trading_bot.client | BinanceFuturesClient initialised | mode=MOCK
2026-04-21 13:16:43 | INFO     | trading_bot.client | MOCK | Returning empty open orders list
2026-04-21 13:16:51 | INFO     | trading_bot.cli | CLI COMMAND: place | symbol=BTCUSDT side=BUY type=MARKET qty=0.001 price=None stop=None
2026-04-21 13:16:51 | INFO     | trading_bot.client | BinanceFuturesClient initialised | mode=MOCK
2026-04-21 13:16:51 | INFO     | trading_bot.client | PLACING ORDER | symbol=BTCUSDT | side=BUY | type=MARKET | qty=0.001 | price=None | stopPrice=None
2026-04-21 13:16:51 | INFO     | trading_bot.client | MOCK | Generating simulated order response
2026-04-21 13:16:51 | INFO     | trading_bot.client | MOCK ORDER PLACED | orderId=99539953 | status=FILLED
2026-04-21 13:16:51 | INFO     | trading_bot.orders | ORDER SUCCESS | orderId=99539953 | status=FILLED
2026-04-21 13:16:51 | INFO     | trading_bot.cli | CLI COMMAND: place | symbol=ETHUSDT side=SELL type=LIMIT qty=0.01 price=1700 stop=None
2026-04-21 13:16:51 | INFO     | trading_bot.client | BinanceFuturesClient initialised | mode=MOCK
2026-04-21 13:16:51 | INFO     | trading_bot.client | PLACING ORDER | symbol=ETHUSDT | side=SELL | type=LIMIT | qty=0.01 | price=1700.0 | stopPrice=None
2026-04-21 13:16:51 | INFO     | trading_bot.client | MOCK | Generating simulated order response
2026-04-21 13:16:52 | INFO     | trading_bot.client | MOCK ORDER PLACED | orderId=78612972 | status=NEW
2026-04-21 13:16:52 | INFO     | trading_bot.orders | ORDER SUCCESS | orderId=78612972 | status=NEW
2026-04-21 13:16:52 | INFO     | trading_bot.cli | CLI COMMAND: place | symbol=BTCUSDT side=BUY type=STOP_MARKET qty=0.001 price=None stop=80000
2026-04-21 13:16:52 | INFO     | trading_bot.client | BinanceFuturesClient initialised | mode=MOCK
2026-04-21 13:16:52 | INFO     | trading_bot.client | PLACING ORDER | symbol=BTCUSDT | side=BUY | type=STOP_MARKET | qty=0.001 | price=None | stopPrice=80000.0
2026-04-21 13:16:52 | INFO     | trading_bot.client | MOCK | Generating simulated order response
2026-04-21 13:16:52 | INFO     | trading_bot.client | MOCK ORDER PLACED | orderId=49577141 | status=NEW
2026-04-21 13:16:52 | INFO     | trading_bot.orders | ORDER SUCCESS | orderId=49577141 | status=NEW
2026-04-21 13:16:53 | INFO     | trading_bot.cli | CLI COMMAND: account
2026-04-21 13:16:53 | INFO     | trading_bot.client | BinanceFuturesClient initialised | mode=MOCK
2026-04-21 13:16:53 | INFO     | trading_bot.client | MOCK | Returning simulated account balance
